<?xml version="1.0" encoding="UTF-8"?>
<!-- Generated by org.testng.reporters.JUnitReportReporter -->
<testsuite skipped="0" hostname="udyan" name="test.TC1$TC1Test" tests="1" failures="0" timestamp="06 Jun 2019 18:36:38 GMT" time="15.205" errors="0">
  <testcase name="test1" time="15.205" classname="test.TC1$TC1Test"/>
</testsuite> <!-- test.TC1$TC1Test -->
