<?xml version="1.0" encoding="UTF-8"?>
<!-- Generated by org.testng.reporters.JUnitReportReporter -->
<testsuite name="test.TC1" tests="1" time="52.746" ignored="0" failures="0" timestamp="06 Jun 2019 04:35:30 GMT" skipped="0" hostname="udyan" errors="0">
  <testcase name="test1" time="52.746" classname="test.TC1"/>
</testsuite> <!-- test.TC1 -->
